TN:
SF:/Users/erika/Desktop/Ecommerce-Portfolio-Backend/app.js
FN:10,(anonymous_0)
FNF:1
FNH:1
FNDA:2,(anonymous_0)
DA:1,1
DA:2,1
DA:4,1
DA:6,1
DA:8,1
DA:10,1
DA:11,2
DA:12,1
DA:13,1
DA:18,2
DA:19,2
DA:22,1
LF:12
LH:12
BRDA:11,0,0,1
BRDA:11,0,1,1
BRF:2
BRH:2
end_of_record
TN:
SF:/Users/erika/Desktop/Ecommerce-Portfolio-Backend/middleware.js
FNF:0
FNH:0
LF:0
LH:0
BRF:0
BRH:0
end_of_record
TN:
SF:/Users/erika/Desktop/Ecommerce-Portfolio-Backend/pgp.js
FNF:0
FNH:0
DA:1,0
DA:2,0
DA:5,0
LF:3
LH:0
BRF:0
BRH:0
end_of_record
TN:
SF:/Users/erika/Desktop/Ecommerce-Portfolio-Backend/services/utils.js
FN:3,(anonymous_0)
FN:12,(anonymous_1)
FNF:2
FNH:2
FNDA:4,(anonymous_0)
FNDA:10,(anonymous_1)
DA:1,2
DA:3,2
DA:4,4
DA:12,10
DA:13,2
DA:16,2
DA:19,2
LF:7
LH:7
BRDA:12,0,0,2
BRDA:12,0,1,2
BRF:2
BRH:2
end_of_record
TN:
SF:/Users/erika/Desktop/Ecommerce-Portfolio-Backend/services/validators.js
FN:1,(anonymous_0)
FNF:1
FNH:1
FNDA:20,(anonymous_0)
DA:1,3
DA:2,20
DA:11,3
LF:3
LH:3
BRF:0
BRH:0
end_of_record
